<?xml version="1.0" encoding="UTF-8"?>
<!-- Generated by org.testng.reporters.JUnitReportReporter -->
<testsuite hostname="DESKTOP-FPK37S0" failures="0" tests="1" name="Basic_functionality.googleTestScript" time="37.203" errors="0" timestamp="2024-05-31T00:41:50 IST" skipped="0">
  <testcase classname="Basic_functionality.googleTestScript" name="f" time="37.203"/>
</testsuite> <!-- Basic_functionality.googleTestScript -->
