<?xml version="1.0" encoding="UTF-8"?>
<!-- Generated by org.testng.reporters.JUnitReportReporter -->
<testsuite hostname="DESKTOP-FPK37S0" failures="0" tests="1" name="Basic_functionality.fb_assert_testng" time="50.506" errors="0" timestamp="2024-02-03T15:27:36 IST" skipped="0">
  <testcase classname="Basic_functionality.fb_assert_testng" name="f" time="50.506"/>
</testsuite> <!-- Basic_functionality.fb_assert_testng -->
