<?xml version="1.0" encoding="UTF-8"?>
<!-- Generated by org.testng.reporters.JUnitReportReporter -->
<testsuite hostname="DESKTOP-FPK37S0" failures="0" tests="1" name="Basic_functionality.fb_login" time="249.232" errors="0" timestamp="2024-05-31T00:24:45 IST" skipped="0">
  <testcase classname="Basic_functionality.fb_login" name="f" time="249.232"/>
</testsuite> <!-- Basic_functionality.fb_login -->
